[debug] [2026-03-27T05:24:42.960Z] ----------------------------------------------------------------------
[debug] [2026-03-27T05:24:42.972Z] Command:       C:\Program Files\nodejs\node.exe C:\Users\fxadh\AppData\Roaming\npm\node_modules\firebase-tools\lib\bin\firebase.js deploy --only hosting
[debug] [2026-03-27T05:24:42.973Z] CLI Version:   15.11.0
[debug] [2026-03-27T05:24:42.973Z] Platform:      win32
[debug] [2026-03-27T05:24:42.973Z] Node Version:  v24.14.0
[debug] [2026-03-27T05:24:42.973Z] Time:          Fri Mar 27 2026 10:54:42 GMT+0530 (India Standard Time)
[debug] [2026-03-27T05:24:42.973Z] ----------------------------------------------------------------------
[debug] 
[debug] [2026-03-27T05:24:45.604Z] > command requires scopes: ["email","openid","https://www.googleapis.com/auth/cloudplatformprojects.readonly","https://www.googleapis.com/auth/firebase","https://www.googleapis.com/auth/cloud-platform"]
[debug] [2026-03-27T05:24:45.604Z] > authorizing via signed-in user (fxadhu@gmail.com)
[debug] [2026-03-27T05:24:45.604Z] [iam] checking project stay-cec for permissions ["firebase.projects.get","firebasehosting.sites.update"]
[debug] [2026-03-27T05:24:45.606Z] Checked if tokens are valid: true, expires at: 1774591107745
[debug] [2026-03-27T05:24:45.606Z] Checked if tokens are valid: true, expires at: 1774591107745
[debug] [2026-03-27T05:24:45.607Z] >>> [apiv2][query] POST https://cloudresourcemanager.googleapis.com/v1/projects/stay-cec:testIamPermissions [none]
[debug] [2026-03-27T05:24:45.608Z] >>> [apiv2][(partial)header] POST https://cloudresourcemanager.googleapis.com/v1/projects/stay-cec:testIamPermissions  x-goog-user-project=stay-cec
[debug] [2026-03-27T05:24:45.608Z] >>> [apiv2][body] POST https://cloudresourcemanager.googleapis.com/v1/projects/stay-cec:testIamPermissions {"permissions":["firebase.projects.get","firebasehosting.sites.update"]}
[debug] [2026-03-27T05:24:48.791Z] <<< [apiv2][status] POST https://cloudresourcemanager.googleapis.com/v1/projects/stay-cec:testIamPermissions 200
[debug] [2026-03-27T05:24:48.792Z] <<< [apiv2][body] POST https://cloudresourcemanager.googleapis.com/v1/projects/stay-cec:testIamPermissions {"permissions":["firebase.projects.get","firebasehosting.sites.update"]}
[debug] [2026-03-27T05:24:48.793Z] Checked if tokens are valid: true, expires at: 1774591107745
[debug] [2026-03-27T05:24:48.793Z] Checked if tokens are valid: true, expires at: 1774591107745
[debug] [2026-03-27T05:24:48.794Z] >>> [apiv2][query] GET https://firebase.googleapis.com/v1beta1/projects/stay-cec [none]
[debug] [2026-03-27T05:24:50.128Z] <<< [apiv2][status] GET https://firebase.googleapis.com/v1beta1/projects/stay-cec 200
[debug] [2026-03-27T05:24:50.129Z] <<< [apiv2][body] GET https://firebase.googleapis.com/v1beta1/projects/stay-cec {"projectId":"stay-cec","projectNumber":"375519420241","displayName":"stay-cec","name":"projects/stay-cec","resources":{"hostingSite":"stay-cec","realtimeDatabaseInstance":"stay-cec-default-rtdb"},"state":"ACTIVE","etag":"1_a180c134-760e-46ad-b6bd-f569db704d0e"}
[info] 
[info] === Deploying to 'stay-cec'...
[info] 
[info] i  deploying hosting 
[debug] [2026-03-27T05:24:50.140Z] Checked if tokens are valid: true, expires at: 1774591107745
[debug] [2026-03-27T05:24:50.140Z] Checked if tokens are valid: true, expires at: 1774591107745
[debug] [2026-03-27T05:24:50.140Z] >>> [apiv2][query] POST https://firebasehosting.googleapis.com/v1beta1/projects/-/sites/stay-cec/versions [none]
[debug] [2026-03-27T05:24:50.140Z] >>> [apiv2][body] POST https://firebasehosting.googleapis.com/v1beta1/projects/-/sites/stay-cec/versions {"status":"CREATED","labels":{"deployment-tool":"cli-firebase"}}
[debug] [2026-03-27T05:24:53.995Z] <<< [apiv2][status] POST https://firebasehosting.googleapis.com/v1beta1/projects/-/sites/stay-cec/versions 200
[debug] [2026-03-27T05:24:53.995Z] <<< [apiv2][body] POST https://firebasehosting.googleapis.com/v1beta1/projects/-/sites/stay-cec/versions {"name":"projects/375519420241/sites/stay-cec/versions/caadd2292180c380","status":"CREATED","config":{},"labels":{"deployment-tool":"cli-firebase"}}
[info] i  hosting[stay-cec]: beginning deploy... 
[info] i  hosting[stay-cec]: found 47 files in dist 
[debug] [2026-03-27T05:24:54.030Z] [hosting] uploading with 200 concurrency
[debug] [2026-03-27T05:24:54.128Z] Checked if tokens are valid: true, expires at: 1774591107745
[debug] [2026-03-27T05:24:54.128Z] Checked if tokens are valid: true, expires at: 1774591107745
[debug] [2026-03-27T05:24:54.130Z] [hosting] hash cache [ZGlzdA] stored for 47 files
[debug] [2026-03-27T05:24:54.130Z] [hosting][hash queue][FINAL] {"max":69,"min":39,"avg":44.51063829787235,"active":0,"complete":47,"success":47,"errored":0,"retried":0,"total":47,"elapsed":96}
[debug] [2026-03-27T05:24:54.131Z] >>> [apiv2][query] POST https://firebasehosting.googleapis.com/v1beta1/projects/375519420241/sites/stay-cec/versions/caadd2292180c380:populateFiles [none]
[debug] [2026-03-27T05:24:54.131Z] >>> [apiv2][body] POST https://firebasehosting.googleapis.com/v1beta1/projects/375519420241/sites/stay-cec/versions/caadd2292180c380:populateFiles {"files":{"/warden-reports.html":"0a191cfd8ea02643c3188b5b2f7151d99b89496ec9b359ab87ae71364bba0b6a","/warden-residents.html":"5437990691241f15a1125aec6eb44f74e6632a8fd5f273e576e7be7127dc6f8e","/warden-notifications.html":"e2ee5e0e45030f64cb6134929a524fd39f9b2176a2c161d2eb7ab2379924e3b2","/warden-dashboard.html":"f7cbe788cba9c64eecbc7ddb00a958a8e7e5233f4576f3f2adfbbc75d888360d","/profile.html":"af12d2a8b4ca27afd292a9bcf81188ef3d606f3cd131b69d7f7f760f3140f24d","/warden-complaints.html":"47a2f8df18a23b439f293990dc3f8a7dee0d5118ef92bac36347731d84055e71","/payments.html":"52682a116adc9c1af248b5f4c763bf8919067fbb83d77f85feb11ae87fea5786","/registration.html":"e14eed3a8b689895e787597f59d90126321c8df3567721cb8d6f5c825cb9f58c","/service.html":"7c5d950b66090f2c2fb1078e013dac31a00d5f1f282c72c3169e74d61b14a186","/mess-reduction.html":"2c892783ac07eef9394918d765be4d9e52b0a49367ebf0c09441ca234f8f4884","/mess.html":"dc296744f27b05affe8d58feb01c5932f12bf75fc20c3d4385ef4517e66a4c29","/index.html":"b137449abb39bde3b7a5c1a413ff17626e84fd7ca615e00a203e69bdd5693924","/notifications.html":"486873dd73844061d036a56ac25256568843008f56da79342c86aa6435a9f710","/dashboard.html":"d869df337bcb09e5bf9276c2f7ce4a5b473842599297bffa4a3cb0d95581b4e2","/assets/wardenNotifications-fk09eMc7.js":"35a2ee822c5e6087a8f10411fe67201207fb8db9ce2fd1371e799a0aaeee5f8a","/assets/wardenReports-BfmsQ30Z.js":"0e310f44ed2cd99d3240ac0a04d6df1da127c766f543d8ff7c9b003d124fdc79","/assets/wardenResidents-DfRT8Ajm.js":"1b0f7062b5078fe8eb9d877c775081a74cde6f45a9228d0770c914c07fb95afc","/assets/wardenReports-D1q_B_4K.css":"1217765986997f109f238227641051067de243df69315fe1c4d77b3f17eb515a","/assets/wardenDashboard-hTURwW1d.js":"5ca96fbcca23be276dd826ee14dfa6a32763e40e0a6d1d850e088137ba3cf8d4","/assets/wardenResidents-C8FgfZ6I.css":"94124702bd7ad72fbfbf28572c055ea1bac6980b1bfc65d4c4fa252fc3112226","/assets/wardenDashboard-Cug5Rxxa.css":"a82c6d7bfcfb887c94875312e2815dc3aa940190aeab55be9667929057c3db20","/assets/splash-D3_eyjfV.js":"ccee81fd488f0808b1d98c965b8e13bd8326e3a1a14efc5056734482af05fc0e","/assets/wardenNotifications-BCAsQ9wq.css":"cc555a94a12dabb8dab48d24c7aad5936124d4f467f6baa517f171d527d3a58a","/assets/splash-CZqR8ar3.css":"f9cffc481a43ca8d2323ac594d541be8cf10e46df1311271e7c674d378232bbf","/assets/wardenComplaints-w3Hw8mvw.css":"032f365845066581eb08fb645cdff0ad8fcc5d125054c1eb8f39ee754bbd0d00","/assets/service-BR2cCUak.js":"2105ab239dab6ac2534d5df52080590851a90ce7b72fa743914444c67303520f","/assets/registration-hIkVaEF-.js":"b9d6832404541054f71c02e6ca3dc1686ad026487feaddec231139285b12d673","/assets/profile-CXwLoYoH.js":"cfda2c2e5c04a2ad21b64d5a243800247ff868478a3913ab8468c4f63618268b","/assets/registration-BuNZqpp1.css":"f173ffef3629c875604e1f196b90b270c3d981dbab71a0419ba66b237884165c","/assets/notifications-Cmp1v7ms.js":"c6e3d5ec34556aa9d0a21919efd12c7056a9e85d4ebf14764c05ebdeabaf04d4","/assets/modulepreload-polyfill-Crh6zePY.js":"ea3245d84df3fcccce9c3f21348c10850b84b85a954aa5112d617b9536a8583f","/assets/profile-DCa6wfq6.css":"dcae792b98e8c651e7aeafca70f3ff942f64462991d85cb65973a66ca1034e13","/assets/payments-B-Tyolh9.js":"30fc4637ac2f4144ad65a327b52dccaeb5d3ba896a989b341788cc037fc7e2cb","/assets/payments-BkJ4p6MB.css":"8f7528ef88c694182379f44661f3281b6bc615568556de9dddcc5169ae34a51e","/assets/messReduction-BrL1K2u5.css":"82cf9d2278d0f9d2e603b6a05940a9e2e2fd22c07b4225236e3e3344c5681fcf","/assets/messReduction-Bm2bProj.js":"7457c9bf8eb9bae8c540121456afd437cfac6414ad4274c20acb99a8f077fc03","/assets/main-BYTkv2hb.js":"b93c5b344e4b09fd9c80ab17cb09a591e510718ab158799256b0c4b289777113","/assets/mess-DJGn516j.js":"a8c2d0f479231d1be87c35efd5430068b93330ad19ed979cb7be12dcd72ae35b","/assets/notifications-TeTtVfvT.css":"e6846c975c7945afe29c854d418e2548e65d03b8300b8cdabf32217879feff68","/assets/data-RLYZjtIT.js":"419bbb5224bde74c0f5bd44a2d7c2c320ad9fa77966ffbdce18b6f8f6eaceed3","/assets/main-5Yk9HYSq.css":"443cdeb4cfd16bcb7f7fa3b28c87b75463a38f559b0772f0628624b9f4e9e0ae","/assets/dashboard-BF6PVO6r.js":"fc506bc51c765e1a6a59cdc90c5bd42c79cd60206a455171e051481c6fb2208c","/assets/mess-BkMmRTwo.css":"b4a5063af26bd2c18b42c5d14cf2d8f30deea02ccdded7f512e25cc04790535c","/assets/service-D-5lpIvI.css":"9a303ebfbb73b7ae7f2d1ff5d5cb437846ad66c7bf72f8ead9f3901babdc74ef","/assets/wardenComplaints-DXTHVzRQ.js":"19f05a067746fc72de9838637395cc3e89705ee51040b0f4a4ab0424d8ff7f04","/assets/dashboard-DVE2t3Je.css":"e7f4d33fbae0e0474954e2dfec9ce027b85af12345c98ee00503ebecc941d69f","/assets/auth-Dk6l3DBw.js":"3963da52e6f5116a58c5fc4d3dbf7776052937a38dd038fca7b262af5ca267f0"}}
[debug] [2026-03-27T05:24:55.140Z] <<< [apiv2][status] POST https://firebasehosting.googleapis.com/v1beta1/projects/375519420241/sites/stay-cec/versions/caadd2292180c380:populateFiles 200
[debug] [2026-03-27T05:24:55.140Z] <<< [apiv2][body] POST https://firebasehosting.googleapis.com/v1beta1/projects/375519420241/sites/stay-cec/versions/caadd2292180c380:populateFiles {"uploadRequiredHashes":["35a2ee822c5e6087a8f10411fe67201207fb8db9ce2fd1371e799a0aaeee5f8a","e2ee5e0e45030f64cb6134929a524fd39f9b2176a2c161d2eb7ab2379924e3b2","cc555a94a12dabb8dab48d24c7aad5936124d4f467f6baa517f171d527d3a58a"],"uploadUrl":"https://upload-firebasehosting.googleapis.com/upload/sites/stay-cec/versions/caadd2292180c380/files"}
[debug] [2026-03-27T05:24:55.141Z] Checked if tokens are valid: true, expires at: 1774591107745
[debug] [2026-03-27T05:24:55.141Z] Checked if tokens are valid: true, expires at: 1774591107745
[debug] [2026-03-27T05:24:55.141Z] Checked if tokens are valid: true, expires at: 1774591107745
[debug] [2026-03-27T05:24:55.141Z] Checked if tokens are valid: true, expires at: 1774591107745
[debug] [2026-03-27T05:24:55.141Z] Checked if tokens are valid: true, expires at: 1774591107745
[debug] [2026-03-27T05:24:55.141Z] Checked if tokens are valid: true, expires at: 1774591107745
[debug] [2026-03-27T05:24:55.142Z] >>> [apiv2][query] POST https://upload-firebasehosting.googleapis.com/upload/sites/stay-cec/versions/caadd2292180c380/files/35a2ee822c5e6087a8f10411fe67201207fb8db9ce2fd1371e799a0aaeee5f8a [none]
[debug] [2026-03-27T05:24:55.142Z] >>> [apiv2][body] POST https://upload-firebasehosting.googleapis.com/upload/sites/stay-cec/versions/caadd2292180c380/files/35a2ee822c5e6087a8f10411fe67201207fb8db9ce2fd1371e799a0aaeee5f8a [stream]
[debug] [2026-03-27T05:24:55.144Z] >>> [apiv2][query] POST https://upload-firebasehosting.googleapis.com/upload/sites/stay-cec/versions/caadd2292180c380/files/e2ee5e0e45030f64cb6134929a524fd39f9b2176a2c161d2eb7ab2379924e3b2 [none]
[debug] [2026-03-27T05:24:55.144Z] >>> [apiv2][body] POST https://upload-firebasehosting.googleapis.com/upload/sites/stay-cec/versions/caadd2292180c380/files/e2ee5e0e45030f64cb6134929a524fd39f9b2176a2c161d2eb7ab2379924e3b2 [stream]
[debug] [2026-03-27T05:24:55.146Z] >>> [apiv2][query] POST https://upload-firebasehosting.googleapis.com/upload/sites/stay-cec/versions/caadd2292180c380/files/cc555a94a12dabb8dab48d24c7aad5936124d4f467f6baa517f171d527d3a58a [none]
[debug] [2026-03-27T05:24:55.146Z] >>> [apiv2][body] POST https://upload-firebasehosting.googleapis.com/upload/sites/stay-cec/versions/caadd2292180c380/files/cc555a94a12dabb8dab48d24c7aad5936124d4f467f6baa517f171d527d3a58a [stream]
[debug] [2026-03-27T05:24:55.148Z] [hosting][populate queue][FINAL] {"max":1014,"min":1014,"avg":1014,"active":0,"complete":1,"success":1,"errored":0,"retried":0,"total":1,"elapsed":1021}
[debug] [2026-03-27T05:24:55.148Z] [hosting] uploads queued: 3
[info] i  hosting: uploading new files [0/3] (0%) 
[info] i  hosting: uploading new files [0/3] (0%) 
[info] i  hosting: uploading new files [0/3] (0%) 
[debug] [2026-03-27T05:25:00.069Z] <<< [apiv2][status] POST https://upload-firebasehosting.googleapis.com/upload/sites/stay-cec/versions/caadd2292180c380/files/35a2ee822c5e6087a8f10411fe67201207fb8db9ce2fd1371e799a0aaeee5f8a 200
[debug] [2026-03-27T05:25:00.069Z] <<< [apiv2][body] POST https://upload-firebasehosting.googleapis.com/upload/sites/stay-cec/versions/caadd2292180c380/files/35a2ee822c5e6087a8f10411fe67201207fb8db9ce2fd1371e799a0aaeee5f8a [stream]
[debug] [2026-03-27T05:25:00.945Z] <<< [apiv2][status] POST https://upload-firebasehosting.googleapis.com/upload/sites/stay-cec/versions/caadd2292180c380/files/e2ee5e0e45030f64cb6134929a524fd39f9b2176a2c161d2eb7ab2379924e3b2 200
[debug] [2026-03-27T05:25:00.945Z] <<< [apiv2][body] POST https://upload-firebasehosting.googleapis.com/upload/sites/stay-cec/versions/caadd2292180c380/files/e2ee5e0e45030f64cb6134929a524fd39f9b2176a2c161d2eb7ab2379924e3b2 [stream]
[debug] [2026-03-27T05:25:01.398Z] <<< [apiv2][status] POST https://upload-firebasehosting.googleapis.com/upload/sites/stay-cec/versions/caadd2292180c380/files/cc555a94a12dabb8dab48d24c7aad5936124d4f467f6baa517f171d527d3a58a 200
[debug] [2026-03-27T05:25:01.399Z] <<< [apiv2][body] POST https://upload-firebasehosting.googleapis.com/upload/sites/stay-cec/versions/caadd2292180c380/files/cc555a94a12dabb8dab48d24c7aad5936124d4f467f6baa517f171d527d3a58a [stream]
[debug] [2026-03-27T05:25:01.399Z] [hosting][upload queue][FINAL] {"max":6258,"min":4929,"avg":5663.666666666667,"active":0,"complete":3,"success":3,"errored":0,"retried":0,"total":3,"elapsed":6259}
[info] i  hosting: upload complete 
[info] +  hosting[stay-cec]: file upload complete 
[debug] [2026-03-27T05:25:01.400Z] [hosting] deploy completed after 7401ms
[debug] [2026-03-27T05:25:01.400Z] [
  {
    "config": {
      "site": "stay-cec",
      "public": "dist",
      "cleanUrls": true,
      "ignore": [
        "firebase.json",
        "**/.*",
        "**/node_modules/**"
      ],
      "headers": [
        {
          "source": "**/*.html",
          "headers": [
            {
              "key": "Cache-Control",
              "value": "no-cache, no-store, must-revalidate"
            }
          ]
        }
      ]
    },
    "version": "projects/375519420241/sites/stay-cec/versions/caadd2292180c380"
  }
]
[info] i  hosting[stay-cec]: finalizing version... 
[debug] [2026-03-27T05:25:01.402Z] Checked if tokens are valid: true, expires at: 1774591107745
[debug] [2026-03-27T05:25:01.402Z] Checked if tokens are valid: true, expires at: 1774591107745
[debug] [2026-03-27T05:25:01.405Z] >>> [apiv2][query] PATCH https://firebasehosting.googleapis.com/v1beta1/projects/-/sites/stay-cec/versions/caadd2292180c380 updateMask=status%2Cconfig
[debug] [2026-03-27T05:25:01.405Z] >>> [apiv2][body] PATCH https://firebasehosting.googleapis.com/v1beta1/projects/-/sites/stay-cec/versions/caadd2292180c380 {"status":"FINALIZED","config":{"headers":[{"glob":"**/*.html","headers":{"Cache-Control":"no-cache, no-store, must-revalidate"}}],"cleanUrls":true}}
[debug] [2026-03-27T05:25:03.625Z] <<< [apiv2][status] PATCH https://firebasehosting.googleapis.com/v1beta1/projects/-/sites/stay-cec/versions/caadd2292180c380 200
[debug] [2026-03-27T05:25:03.625Z] <<< [apiv2][body] PATCH https://firebasehosting.googleapis.com/v1beta1/projects/-/sites/stay-cec/versions/caadd2292180c380 {"name":"projects/375519420241/sites/stay-cec/versions/caadd2292180c380","status":"FINALIZED","config":{"headers":[{"headers":{"Cache-Control":"no-cache, no-store, must-revalidate"},"glob":"**/*.html"}],"cleanUrls":true},"labels":{"deployment-tool":"cli-firebase"},"createTime":"2026-03-27T05:24:53.150220Z","createUser":{"email":"fxadhu@gmail.com"},"finalizeTime":"2026-03-27T05:25:03.352345Z","finalizeUser":{"email":"fxadhu@gmail.com"}}
[debug] [2026-03-27T05:25:03.625Z] [hosting] finalized version for stay-cec:[object Object]
[info] +  hosting[stay-cec]: version finalized 
[info] i  hosting[stay-cec]: releasing new version... 
[debug] [2026-03-27T05:25:03.626Z] Checked if tokens are valid: true, expires at: 1774591107745
[debug] [2026-03-27T05:25:03.626Z] Checked if tokens are valid: true, expires at: 1774591107745
[debug] [2026-03-27T05:25:03.626Z] >>> [apiv2][query] POST https://firebasehosting.googleapis.com/v1beta1/projects/-/sites/stay-cec/channels/live/releases versionName=projects%2F375519420241%2Fsites%2Fstay-cec%2Fversions%2Fcaadd2292180c380
[debug] [2026-03-27T05:25:03.626Z] >>> [apiv2][body] POST https://firebasehosting.googleapis.com/v1beta1/projects/-/sites/stay-cec/channels/live/releases {}
[debug] [2026-03-27T05:25:05.669Z] <<< [apiv2][status] POST https://firebasehosting.googleapis.com/v1beta1/projects/-/sites/stay-cec/channels/live/releases 200
[debug] [2026-03-27T05:25:05.670Z] <<< [apiv2][body] POST https://firebasehosting.googleapis.com/v1beta1/projects/-/sites/stay-cec/channels/live/releases {"name":"projects/375519420241/sites/stay-cec/channels/live/releases/1774589104728000","version":{"name":"projects/375519420241/sites/stay-cec/versions/caadd2292180c380","status":"FINALIZED","config":{"headers":[{"headers":{"Cache-Control":"no-cache, no-store, must-revalidate"},"glob":"**/*.html"}],"cleanUrls":true},"labels":{"deployment-tool":"cli-firebase"},"createTime":"2026-03-27T05:24:53.150220Z","createUser":{"email":"fxadhu@gmail.com","imageUrl":"https://lh3.googleusercontent.com/a/ACg8ocIHq9l3dp9M02Xdhdq2Qpsp8cDJJZfX1hY64ZJEsxnXs7LhS_wZ"},"finalizeTime":"2026-03-27T05:25:03.352345Z","finalizeUser":{"email":"fxadhu@gmail.com","imageUrl":"https://lh3.googleusercontent.com/a/ACg8ocIHq9l3dp9M02Xdhdq2Qpsp8cDJJZfX1hY64ZJEsxnXs7LhS_wZ"}},"type":"DEPLOY","releaseTime":"2026-03-27T05:25:04.728Z","releaseUser":{"email":"fxadhu@gmail.com","imageUrl":"https://lh3.googleusercontent.com/a/ACg8ocIHq9l3dp9M02Xdhdq2Qpsp8cDJJZfX1hY64ZJEsxnXs7LhS_wZ"}}
[debug] [2026-03-27T05:25:05.670Z] [hosting] release: {"name":"projects/375519420241/sites/stay-cec/channels/live/releases/1774589104728000","version":{"name":"projects/375519420241/sites/stay-cec/versions/caadd2292180c380","status":"FINALIZED","config":{"headers":[{"headers":{"Cache-Control":"no-cache, no-store, must-revalidate"},"glob":"**/*.html"}],"cleanUrls":true},"labels":{"deployment-tool":"cli-firebase"},"createTime":"2026-03-27T05:24:53.150220Z","createUser":{"email":"fxadhu@gmail.com","imageUrl":"https://lh3.googleusercontent.com/a/ACg8ocIHq9l3dp9M02Xdhdq2Qpsp8cDJJZfX1hY64ZJEsxnXs7LhS_wZ"},"finalizeTime":"2026-03-27T05:25:03.352345Z","finalizeUser":{"email":"fxadhu@gmail.com","imageUrl":"https://lh3.googleusercontent.com/a/ACg8ocIHq9l3dp9M02Xdhdq2Qpsp8cDJJZfX1hY64ZJEsxnXs7LhS_wZ"}},"type":"DEPLOY","releaseTime":"2026-03-27T05:25:04.728Z","releaseUser":{"email":"fxadhu@gmail.com","imageUrl":"https://lh3.googleusercontent.com/a/ACg8ocIHq9l3dp9M02Xdhdq2Qpsp8cDJJZfX1hY64ZJEsxnXs7LhS_wZ"}}
[info] +  hosting[stay-cec]: release complete 
[info] 
[info] +  Deploy complete! 
[info] 
[info] Project Console: https://console.firebase.google.com/project/stay-cec/overview
[info] Hosting URL: https://stay-cec.web.app
[debug] [2026-03-27T05:25:12.488Z] Error: Timed out.
    at Timeout.<anonymous> (C:\Users\fxadh\AppData\Roaming\npm\node_modules\firebase-tools\lib\utils.js:308:49)
    at listOnTimeout (node:internal/timers:605:17)
    at process.processTimers (node:internal/timers:541:7)
[error] 
[error] Error: An unexpected error has occurred.
